(a4,f7.4,a1,1x,f8.4,a1,1x,i4,1x,i1,1x,i3,1x,f5.2,2x,f5.2)
ABAB41.7512N 103.3960E    0 1   1  0.00   0.00   1
ACAC41.7447N 103.1110E    0 1   2  0.00   0.00   1
ADAD41.1557N 103.8190E    0 1   3  0.00   0.00   1
AEAE40.8175N 103.6710E    0 1   4  0.00   0.00   1
AFAF40.0283N 103.5100E    0 1   5  0.00   0.00   1
AGAG40.0256N 103.8630E    0 1   6  0.00   0.00   1
AHAH39.9051N 103.1550E    0 1   7  0.00   0.00   1
AIAI39.7459N 103.9540E    0 1   8  0.00   0.00   1
AJAJ39.6916N 102.8170E    0 1   9  0.00   0.00   1
AKAK39.7003N 103.6020E    0 1  10  0.00   0.00   1
ALAL39.4710N 103.4500E    0 1  11  0.00   0.00   1
AMAM40.8161N 103.0160E    0 1  12  0.00   0.00   1
ANAN40.5969N 103.0140E    0 1  13  0.00   0.00   1
AOAO40.5837N 103.6050E    0 1  14  0.00   0.00   1
APAP40.2841N 103.0490E    0 1  15  0.00   0.00   1
AQAQ40.3637N 103.8260E    0 1  16  0.00   0.00   1
ARAR42.3441N 100.1860E    0 1  17  0.00   0.00   1
ASAS42.3790N 98.6446E    0 1  18  0.00   0.00   1
ATAT42.3570N 99.2746E    0 1  19  0.00   0.00   1
AUAU42.3266N 101.0490E    0 1  20  0.00   0.00   1
AVAV42.3291N 101.8400E    0 1  21  0.00   0.00   1
AWAW41.9222N 99.3226E    0 1  22  0.00   0.00   1
AXAX41.9292N 100.0480E    0 1  23  0.00   0.00   1
BABA41.9070N 100.9270E    0 1  24  0.00   0.00   1
BBBB41.9935N 98.6089E    0 1  25  0.00   0.00   1
BCBC41.9284N 103.0130E    0 1  26  0.00   0.00   1
BDBD41.8979N 101.7450E    0 1  27  0.00   0.00   1
BEBE40.1022N 103.0260E    0 1  28  0.00   0.00   1
BFBF42.0109N 98.1192E    0 1  29  0.00   0.00   1
BGBG41.6779N 102.7600E    0 1  30  0.00   0.00   1
BHBH41.6444N 98.6585E    0 1  31  0.00   0.00   1
BIBI41.5709N 99.2179E    0 1  32  0.00   0.00   1
BJBJ41.5564N 100.0440E    0 1  33  0.00   0.00   1
BKBK39.6165N 102.7410E    0 1  34  0.00   0.00   1
BLBL41.6237N 97.9965E    0 1  35  0.00   0.00   1
BMBM41.4957N 100.9790E    0 1  36  0.00   0.00   1
BNBN41.4754N 101.4540E    0 1  37  0.00   0.00   1
BOBO41.3704N 102.4650E    0 1  38  0.00   0.00   1
BPBP41.2474N 98.1654E    0 1  39  0.00   0.00   1
BQBQ41.2219N 98.6007E    0 1  40  0.00   0.00   1
BRBR41.2674N 97.3720E    0 1  41  0.00   0.00   1
BSBS40.9975N 101.5370E    0 1  42  0.00   0.00   1
BTBT41.1545N 99.2942E    0 1  43  0.00   0.00   1
BUBU41.1850N 100.0590E    0 1  44  0.00   0.00   1
BVBV41.2811N 97.5111E    0 1  45  0.00   0.00   1
BWBW39.4590N 101.7360E    0 1  46  0.00   0.00   1
BXBX40.9950N 100.9610E    0 1  47  0.00   0.00   1
CACA40.7187N 102.8280E    0 1  48  0.00   0.00   1
CBCB39.5408N 102.3670E    0 1  49  0.00   0.00   1
CCCC40.7659N 99.8746E    0 1  50  0.00   0.00   1
CDCD40.8309N 98.1559E    0 1  51  0.00   0.00   1
CECE40.8596N 99.1726E    0 1  52  0.00   0.00   1
CFCF39.3029N 102.9490E    0 1  53  0.00   0.00   1
CGCG40.8865N 97.7412E    0 1  54  0.00   0.00   1
CHCH39.1719N 101.4400E    0 1  55  0.00   0.00   1
CICI40.5604N 97.3848E    0 1  56  0.00   0.00   1
CJCJ40.8468N 98.5946E    0 1  57  0.00   0.00   1
CKCK40.8201N 97.3543E    0 1  58  0.00   0.00   1
CLCL38.7999N 101.5810E    0 1  59  0.00   0.00   1
CMCM40.5817N 98.1887E    0 1  60  0.00   0.00   1
CNCN40.6122N 101.4680E    0 1  61  0.00   0.00   1
COCO40.5410N 99.4563E    0 1  62  0.00   0.00   1
CPCP39.5644N 101.1720E    0 1  63  0.00   0.00   1
CQCQ40.6671N 96.7135E    0 1  64  0.00   0.00   1
CRCR40.5498N 100.9340E    0 1  65  0.00   0.00   1
CSCS40.5733N 98.6769E    0 1  66  0.00   0.00   1
CTCT40.1094N 99.9515E    0 1  67  0.00   0.00   1
CUCU39.7212N 98.0297E    0 1  68  0.00   0.00   1
CVCV40.4926N 97.7696E    0 1  69  0.00   0.00   1
CWCW40.5226N 99.0198E    0 1  70  0.00   0.00   1
CXCX40.4649N 103.0100E    0 1  71  0.00   0.00   1
DADA39.2241N 100.8650E    0 1  72  0.00   0.00   1
DBDB40.4118N 96.9774E    0 1  73  0.00   0.00   1
DCDC40.4088N 97.6713E    0 1  74  0.00   0.00   1
DDDD39.2394N 102.6150E    0 1  75  0.00   0.00   1
DEDE40.2284N 99.4008E    0 1  76  0.00   0.00   1
DFDF40.3021N 98.6623E    0 1  77  0.00   0.00   1
DGDG40.0587N 98.1628E    0 1  78  0.00   0.00   1
DHDH39.9393N 100.4870E    0 1  79  0.00   0.00   1
DIDI40.3573N 98.2099E    0 1  80  0.00   0.00   1
DJDJ39.2529N 102.1490E    0 1  81  0.00   0.00   1
DKDK40.3120N 97.3187E    0 1  82  0.00   0.00   1
DLDL39.9733N 96.6187E    0 1  83  0.00   0.00   1
DMDM39.5038N 100.4830E    0 1  84  0.00   0.00   1
DNDN40.2660N 99.0641E    0 1  85  0.00   0.00   1
DODO39.8738N 100.0960E    0 1  86  0.00   0.00   1
DPDP39.7169N 100.8350E    0 1  87  0.00   0.00   1
DQDQ40.0455N 97.7435E    0 1  88  0.00   0.00   1
DRDR39.9068N 98.9357E    0 1  89  0.00   0.00   1
DSDS39.9261N 97.3232E    0 1  90  0.00   0.00   1
DTDT39.7170N 96.9877E    0 1  91  0.00   0.00   1
DUDU39.7465N 97.7451E    0 1  92  0.00   0.00   1
DVDV39.6485N 97.2809E    0 1  93  0.00   0.00   1
DWDW39.5237N 97.7276E    0 1  94  0.00   0.00   1
DXDX40.9790N 96.8168E    0 1  95  0.00   0.00   1
EAEA39.8376N 96.4870E    0 1  96  0.00   0.00   1
EBEB39.6485N 97.2809E    0 1  97  0.00   0.00   1
ECEC39.5237N 97.7276E    0 1  98  0.00   0.00   1
EDED40.9790N 96.8168E    0 1  99  0.00   0.00   1
EEEE39.8376N 96.4870E    0 1 100  0.00   0.00   1
EFEF39.8376N 96.4870E    0 1 101  0.00   0.00   1
EGEG41.0906N 96.9015E    0 1 102  0.00   0.00   1
EHEH39.8114N 98.2104E    0 1 103  0.00   0.00   1
EIEI40.3907N 98.6411E    0 1 104  0.00   0.00   1
EJEJ39.4000N 99.8167E    0 1 105  0.00   0.00   1
EKEK39.0915N 100.5309E    0 1 106  0.00   0.00   1
ELEL41.5672N 101.0221E    0 1 107  0.00   0.00   1
EMEM38.7713N 101.0401E    0 1 108  0.00   0.00   1
ENEN39.2488N 101.6693E    0 1 109  0.00   0.00   1
EOEO38.3907N 102.1102E    0 1 110  0.00   0.00   1
EPEP37.6210N 102.7613E    0 1 111  0.00   0.00   1
EQEQ38.4007N 102.8314E    0 1 112  0.00   0.00   1
ERER39.0700N 103.2504E    0 1 113  0.00   0.00   1
ESES37.7412N 103.8915E    0 1 114  0.00   0.00   1
 