(a4,f7.4,a1,1x,f8.4,a1,1x,i4,1x,i1,1x,i3,1x,f5.2,2x,f5.2)
ABAB64.0647N 139.3937W    0 1   1  0.00   0.00   1
ACAC61.7668N 140.8426W    0 1   2  0.00   0.00   1
ADAD61.7755N 140.4595W    0 1   3  0.00   0.00   1
AEAE61.4348N 138.5463W    0 1   4  0.00   0.00   1
AFAF60.9432N 138.3626W    0 1   5  0.00   0.00   1
AGAG61.2844N 139.7646W    0 1   6  0.00   0.00   1
AHAH64.8736N 147.8616W    0 1   7  0.00   0.00   1
AIAI64.8736N 147.8616W    0 1   8  0.00   0.00   1
AJAJ59.3257N 155.9036W    0 1   9  0.00   0.00   1
AKAK58.9664N 155.0867W    0 1  10  0.00   0.00   1
ALAL59.1126N 156.8567W    0 1  11  0.00   0.00   1
AMAM57.9007N 155.7865W    0 1  12  0.00   0.00   1
ANAN58.6097N 156.2650W    0 1  13  0.00   0.00   1
AOAO58.3686N 155.4394W    0 1  14  0.00   0.00   1
APAP57.6401N 152.4375W    0 1  15  0.00   0.00   1
AQAQ57.8618N 152.6575W    0 1  16  0.00   0.00   1
ARAR57.3042N 152.8497W    0 1  17  0.00   0.00   1
ASAS57.3130N 154.6122W    0 1  18  0.00   0.00   1
ATAT57.6133N 152.2353W    0 1  19  0.00   0.00   1
AUAU56.9472N 154.1729W    0 1  20  0.00   0.00   1
AVAV57.6517N 154.0040W    0 1  21  0.00   0.00   1
AWAW57.4430N 153.8149W    0 1  22  0.00   0.00   1
AXAX57.3481N 153.7945W    0 1  23  0.00   0.00   1
AYAY64.6544N 149.1595W    0 1  24  0.00   0.00   1
AZAZ64.7716N 149.1465W    0 1  25  0.00   0.00   1
AaAa64.8338N 149.1529W    0 1  26  0.00   0.00   1
AbAb64.8857N 149.1814W    0 1  27  0.00   0.00   1
AcAc64.8700N 149.5598W    0 1  28  0.00   0.00   1
AdAd64.6917N 148.8279W    0 1  29  0.00   0.00   1
 