(a4,f7.4,a1,1x,f8.4,a1,1x,i4,1x,i1,1x,i3,1x,f5.2,2x,f5.2)
ABAB40.8104N 105.1510E    0 1   1  0.00   0.00   1
ACAC40.4145N 105.4340E    0 1   2  0.00   0.00   1
ADAD40.3604N 106.2350E    0 1   3  0.00   0.00   1
AEAE40.3385N 105.7580E    0 1   4  0.00   0.00   1
AFAF40.1561N 105.4930E    0 1   5  0.00   0.00   1
AGAG39.9653N 106.1400E    0 1   6  0.00   0.00   1
AHAH39.9098N 105.6940E    0 1   7  0.00   0.00   1
AIAI39.5114N 106.4010E    0 1   8  0.00   0.00   1
AJAJ39.9261N 106.7250E    0 1   9  0.00   0.00   1
AKAK39.6106N 105.0790E    0 1  10  0.00   0.00   1
ALAL39.5348N 105.3950E    0 1  11  0.00   0.00   1
AMAM38.9821N 105.6870E    0 1  12  0.00   0.00   1
ANAN39.0793N 105.0580E    0 1  13  0.00   0.00   1
AOAO39.8385N 105.3140E    0 1  14  0.00   0.00   1
APAP39.3487N 105.0270E    0 1  15  0.00   0.00   1
AQAQ39.2370N 105.2570E    0 1  16  0.00   0.00   1
ARAR39.2876N 105.7190E    0 1  17  0.00   0.00   1
ASAS39.0021N 105.3290E    0 1  18  0.00   0.00   1
ATAT39.0021N 105.3290E    0 1  19  0.00   0.00   1
AUAU37.8914N 105.0020E    0 1  20  0.00   0.00   1
AVAV38.3921N 105.0870E    0 1  21  0.00   0.00   1
AWAW38.5848N 105.1420E    0 1  22  0.00   0.00   1
AXAX37.7623N 105.2050E    0 1  23  0.00   0.00   1
BABA38.0206N 105.2930E    0 1  24  0.00   0.00   1
BBBB38.2226N 105.3180E    0 1  25  0.00   0.00   1
BCBC38.7538N 105.3690E    0 1  26  0.00   0.00   1
BDBD37.8534N 105.5360E    0 1  27  0.00   0.00   1
BEBE38.2458N 105.6070E    0 1  28  0.00   0.00   1
BFBF38.5385N 105.6430E    0 1  29  0.00   0.00   1
BGBG38.0671N 105.6760E    0 1  30  0.00   0.00   1
BHBH40.9966N 105.3430E    0 1  31  0.00   0.00   1
BIBI40.6925N 105.9400E    0 1  32  0.00   0.00   1
BJBJ40.8602N 106.0050E    0 1  33  0.00   0.00   1
BKBK40.5668N 106.5690E    0 1  34  0.00   0.00   1
BLBL40.4208N 106.7630E    0 1  35  0.00   0.00   1
BMBM40.9831N 106.9080E    0 1  36  0.00   0.00   1
BNBN40.6391N 107.0170E    0 1  37  0.00   0.00   1
BOBO40.4109N 107.3970E    0 1  38  0.00   0.00   1
BPBP41.0297N 107.3480E    0 1  39  0.00   0.00   1
BQBQ40.6188N 107.4050E    0 1  40  0.00   0.00   1
BRBR40.9970N 107.7130E    0 1  41  0.00   0.00   1
BSBS40.7698N 107.8860E    0 1  42  0.00   0.00   1
BTBT40.3451N 108.1590E    0 1  43  0.00   0.00   1
BUBU40.9695N 108.2200E    0 1  44  0.00   0.00   1
BVBV40.7853N 108.3150E    0 1  45  0.00   0.00   1
BWBW40.3633N 108.6770E    0 1  46  0.00   0.00   1
BXBX40.0644N 106.9150E    0 1  47  0.00   0.00   1
CACA40.1207N 107.5100E    0 1  48  0.00   0.00   1
CBCB40.0113N 107.8450E    0 1  49  0.00   0.00   1
CCCC39.9476N 108.2310E    0 1  50  0.00   0.00   1
CDCD39.9276N 108.6080E    0 1  51  0.00   0.00   1
CECE39.7948N 107.0070E    0 1  52  0.00   0.00   1
CFCF39.7499N 107.4430E    0 1  53  0.00   0.00   1
CGCG39.7446N 107.8970E    0 1  54  0.00   0.00   1
CHCH39.7071N 108.3550E    0 1  55  0.00   0.00   1
CICI39.7165N 108.6720E    0 1  56  0.00   0.00   1
CJCJ39.4562N 107.0960E    0 1  57  0.00   0.00   1
CKCK39.4744N 107.4410E    0 1  58  0.00   0.00   1
CLCL39.4685N 107.8290E    0 1  59  0.00   0.00   1
CMCM39.4910N 108.2650E    0 1  60  0.00   0.00   1
CNCN39.4301N 108.6930E    0 1  61  0.00   0.00   1
COCO39.1926N 107.1240E    0 1  62  0.00   0.00   1
CPCP39.2167N 107.4650E    0 1  63  0.00   0.00   1
CQCQ39.2257N 107.8360E    0 1  64  0.00   0.00   1
CRCR39.1815N 108.2500E    0 1  65  0.00   0.00   1
CSCS39.1824N 108.6630E    0 1  66  0.00   0.00   1
CTCT38.9067N 107.1230E    0 1  67  0.00   0.00   1
CUCU38.9058N 107.4450E    0 1  68  0.00   0.00   1
CVCV38.9301N 107.8560E    0 1  69  0.00   0.00   1
CWCW38.9118N 108.2460E    0 1  70  0.00   0.00   1
CXCX38.9244N 108.6640E    0 1  71  0.00   0.00   1
DADA37.7393N 108.2820E    0 1  72  0.00   0.00   1
DBDB37.7355N 107.8640E    0 1  73  0.00   0.00   1
DCDC37.7503N 108.6910E    0 1  74  0.00   0.00   1
DDDD38.0137N 108.3150E    0 1  75  0.00   0.00   1
DEDE38.0212N 107.9280E    0 1  76  0.00   0.00   1
DFDF38.0049N 108.6750E    0 1  77  0.00   0.00   1
DGDG38.0290N 107.4890E    0 1  78  0.00   0.00   1
DHDH38.3166N 107.4040E    0 1  79  0.00   0.00   1
DIDI38.3263N 106.8750E    0 1  80  0.00   0.00   1
DJDJ38.3047N 108.2960E    0 1  81  0.00   0.00   1
DKDK38.3457N 107.8550E    0 1  82  0.00   0.00   1
DLDL38.3602N 108.6850E    0 1  83  0.00   0.00   1
DMDM38.6293N 108.7830E    0 1  84  0.00   0.00   1
DNDN38.6928N 106.9170E    0 1  85  0.00   0.00   1
DODO38.6651N 108.3470E    0 1  86  0.00   0.00   1
DPDP38.6492N 107.3900E    0 1  87  0.00   0.00   1
DQDQ38.6648N 107.9430E    0 1  88  0.00   0.00   1
 